14 Mar 2023 12:50:44,456 INFO  CarsDBRepository 16 <init> - Initializing CarsDBRepository with properties: {} 
14 Mar 2023 12:50:44,470 TRACE CarsDBRepository 35 add - Enter saving task Id=0 Tesla Model S 2019
14 Mar 2023 12:50:44,470 TRACE JdbcUtils 46 getConnection - Enter
14 Mar 2023 12:50:44,470 TRACE JdbcUtils 23 getNewConnection - Enter
14 Mar 2023 12:50:44,470 INFO  JdbcUtils 28 getNewConnection - trying to connect to database ... null
14 Mar 2023 12:50:44,471 INFO  JdbcUtils 29 getNewConnection - user: null
14 Mar 2023 12:50:44,471 INFO  JdbcUtils 30 getNewConnection - pass: null
14 Mar 2023 12:50:44,473 ERROR JdbcUtils 39 getNewConnection - java.sql.SQLException: The url cannot be null
14 Mar 2023 12:50:44,474 TRACE JdbcUtils 55 getConnection - Exit
14 Mar 2023 13:01:33,792 INFO  CarsDBRepository 16 <init> - Initializing CarsDBRepository with properties: {jdbc=sqlite:C:UsersOTIOneDriveDesktopFacultateMateriiMPPdatabasecars.db} 
14 Mar 2023 13:01:33,806 TRACE CarsDBRepository 35 add - Enter saving task Id=0 Tesla Model S 2019
14 Mar 2023 13:01:33,806 TRACE JdbcUtils 46 getConnection - Enter
14 Mar 2023 13:01:33,806 TRACE JdbcUtils 23 getNewConnection - Enter
14 Mar 2023 13:01:33,807 INFO  JdbcUtils 28 getNewConnection - trying to connect to database ... null
14 Mar 2023 13:01:33,807 INFO  JdbcUtils 29 getNewConnection - user: null
14 Mar 2023 13:01:33,807 INFO  JdbcUtils 30 getNewConnection - pass: null
14 Mar 2023 13:01:33,809 ERROR JdbcUtils 39 getNewConnection - java.sql.SQLException: The url cannot be null
14 Mar 2023 13:01:33,811 TRACE JdbcUtils 55 getConnection - Exit
14 Mar 2023 13:03:33,720 INFO  CarsDBRepository 16 <init> - Initializing CarsDBRepository with properties: {jdbc.url=jdbc:sqlite:/C:/Users/OTI/OneDrive/Desktop/Facultate/Materii/MPP/database/cars.db} 
14 Mar 2023 13:03:33,734 TRACE CarsDBRepository 35 add - Enter saving task Id=0 Tesla Model S 2019
14 Mar 2023 13:03:33,734 TRACE JdbcUtils 46 getConnection - Enter
14 Mar 2023 13:03:33,735 TRACE JdbcUtils 22 getNewConnection - Enter
14 Mar 2023 13:03:33,735 INFO  JdbcUtils 28 getNewConnection - trying to connect to database ... jdbc:sqlite:/C:/Users/OTI/OneDrive/Desktop/Facultate/Materii/MPP/database/cars.db
14 Mar 2023 13:03:33,735 INFO  JdbcUtils 29 getNewConnection - user: null
14 Mar 2023 13:03:33,735 INFO  JdbcUtils 30 getNewConnection - pass: null
14 Mar 2023 13:03:33,964 TRACE JdbcUtils 55 getConnection - Exit with(org.sqlite.jdbc4.JDBC4Connection@63f259c3)
14 Mar 2023 13:03:33,973 TRACE CarsDBRepository 42 add - Saved 1 instances
14 Mar 2023 13:03:33,973 TRACE CarsDBRepository 47 add - Exit with(inserted)
14 Mar 2023 13:03:33,973 TRACE CarsDBRepository 74 findAll - Enter
14 Mar 2023 13:03:33,973 TRACE JdbcUtils 46 getConnection - Enter
14 Mar 2023 13:03:33,973 TRACE JdbcUtils 55 getConnection - Exit with(org.sqlite.jdbc4.JDBC4Connection@63f259c3)
14 Mar 2023 13:03:33,974 TRACE CarsDBRepository 94 findAll - Exit
14 Mar 2023 13:04:33,794 INFO  CarsDBRepository 16 <init> - Initializing CarsDBRepository with properties: {jdbc.url=jdbc:sqlite:C:/Users/OTI/OneDrive/Desktop/Facultate/Materii/MPP/database/cars.db} 
14 Mar 2023 13:04:33,807 TRACE CarsDBRepository 35 add - Enter saving task Id=0 Tesla Model S 2019
14 Mar 2023 13:04:33,807 TRACE JdbcUtils 45 getConnection - Enter
14 Mar 2023 13:04:33,808 TRACE JdbcUtils 22 getNewConnection - Enter
14 Mar 2023 13:04:33,808 INFO  JdbcUtils 27 getNewConnection - trying to connect to database ... jdbc:sqlite:C:/Users/OTI/OneDrive/Desktop/Facultate/Materii/MPP/database/cars.db
14 Mar 2023 13:04:33,808 INFO  JdbcUtils 28 getNewConnection - user: null
14 Mar 2023 13:04:33,808 INFO  JdbcUtils 29 getNewConnection - pass: null
14 Mar 2023 13:04:34,016 TRACE JdbcUtils 54 getConnection - Exit with(org.sqlite.jdbc4.JDBC4Connection@63f259c3)
14 Mar 2023 13:04:34,023 TRACE CarsDBRepository 42 add - Saved 1 instances
14 Mar 2023 13:04:34,024 TRACE CarsDBRepository 47 add - Exit with(inserted)
14 Mar 2023 13:04:34,024 TRACE CarsDBRepository 74 findAll - Enter
14 Mar 2023 13:04:34,024 TRACE JdbcUtils 45 getConnection - Enter
14 Mar 2023 13:04:34,024 TRACE JdbcUtils 54 getConnection - Exit with(org.sqlite.jdbc4.JDBC4Connection@63f259c3)
14 Mar 2023 13:04:34,025 TRACE CarsDBRepository 94 findAll - Exit
14 Mar 2023 13:09:53,489 INFO  CarsDBRepository 17 <init> - Initializing CarsDBRepository with properties: {jdbc.url=jdbc:sqlite:C:/Users/OTI/OneDrive/Desktop/Facultate/Materii/MPP/database/cars.db} 
14 Mar 2023 13:09:53,502 TRACE CarsDBRepository 82 add - Enter saving task Id=0 Tesla Model S 2019
14 Mar 2023 13:09:53,502 TRACE JdbcUtils 45 getConnection - Enter
14 Mar 2023 13:09:53,502 TRACE JdbcUtils 22 getNewConnection - Enter
14 Mar 2023 13:09:53,503 INFO  JdbcUtils 27 getNewConnection - trying to connect to database ... jdbc:sqlite:C:/Users/OTI/OneDrive/Desktop/Facultate/Materii/MPP/database/cars.db
14 Mar 2023 13:09:53,503 INFO  JdbcUtils 28 getNewConnection - user: null
14 Mar 2023 13:09:53,503 INFO  JdbcUtils 29 getNewConnection - pass: null
14 Mar 2023 13:09:53,704 TRACE JdbcUtils 54 getConnection - Exit with(org.sqlite.jdbc4.JDBC4Connection@63f259c3)
14 Mar 2023 13:09:53,710 TRACE CarsDBRepository 89 add - Saved 1 instances
14 Mar 2023 13:09:53,711 TRACE CarsDBRepository 94 add - Exit with(inserted)
14 Mar 2023 13:09:53,711 TRACE CarsDBRepository 121 findAll - Enter
14 Mar 2023 13:09:53,711 TRACE JdbcUtils 45 getConnection - Enter
14 Mar 2023 13:09:53,711 TRACE JdbcUtils 54 getConnection - Exit with(org.sqlite.jdbc4.JDBC4Connection@63f259c3)
14 Mar 2023 13:09:53,712 TRACE CarsDBRepository 141 findAll - Exit
14 Mar 2023 13:09:53,712 TRACE CarsDBRepository 24 findByManufacturer - Enter
14 Mar 2023 13:09:53,712 TRACE JdbcUtils 45 getConnection - Enter
14 Mar 2023 13:09:53,713 TRACE JdbcUtils 54 getConnection - Exit with(org.sqlite.jdbc4.JDBC4Connection@63f259c3)
14 Mar 2023 13:09:53,713 TRACE CarsDBRepository 44 findByManufacturer - Exit
14 Mar 2023 13:10:26,550 INFO  CarsDBRepository 17 <init> - Initializing CarsDBRepository with properties: {jdbc.url=jdbc:sqlite:/database/cars.db} 
14 Mar 2023 13:10:26,564 TRACE CarsDBRepository 82 add - Enter saving task Id=0 Tesla Model S 2019
14 Mar 2023 13:10:26,564 TRACE JdbcUtils 45 getConnection - Enter
14 Mar 2023 13:10:26,564 TRACE JdbcUtils 22 getNewConnection - Enter
14 Mar 2023 13:10:26,565 INFO  JdbcUtils 27 getNewConnection - trying to connect to database ... jdbc:sqlite:/database/cars.db
14 Mar 2023 13:10:26,565 INFO  JdbcUtils 28 getNewConnection - user: null
14 Mar 2023 13:10:26,565 INFO  JdbcUtils 29 getNewConnection - pass: null
14 Mar 2023 13:10:26,588 ERROR JdbcUtils 38 getNewConnection - java.sql.SQLException: path to '/database/cars.db': 'C:\database' does not exist
14 Mar 2023 13:10:26,589 TRACE JdbcUtils 54 getConnection - Exit
14 Mar 2023 13:12:55,005 INFO  CarsDBRepository 17 <init> - Initializing CarsDBRepository with properties: {jdbc.url=jdbc:sqlite:/database/cars.db} 
14 Mar 2023 13:12:55,019 TRACE CarsDBRepository 82 add - Enter saving task Id=0 Tesla Model S 2019
14 Mar 2023 13:12:55,019 TRACE JdbcUtils 45 getConnection - Enter
14 Mar 2023 13:12:55,019 TRACE JdbcUtils 22 getNewConnection - Enter
14 Mar 2023 13:12:55,020 INFO  JdbcUtils 27 getNewConnection - trying to connect to database ... jdbc:sqlite:/database/cars.db
14 Mar 2023 13:12:55,020 INFO  JdbcUtils 28 getNewConnection - user: null
14 Mar 2023 13:12:55,020 INFO  JdbcUtils 29 getNewConnection - pass: null
14 Mar 2023 13:12:55,041 ERROR JdbcUtils 38 getNewConnection - java.sql.SQLException: path to '/database/cars.db': 'C:\database' does not exist
14 Mar 2023 13:12:55,042 TRACE JdbcUtils 54 getConnection - Exit
14 Mar 2023 13:13:23,659 INFO  CarsDBRepository 17 <init> - Initializing CarsDBRepository with properties: {jdbc.url=jdbc:sqlite:./database/cars.db} 
14 Mar 2023 13:13:23,674 TRACE CarsDBRepository 82 add - Enter saving task Id=0 Tesla Model S 2019
14 Mar 2023 13:13:23,674 TRACE JdbcUtils 45 getConnection - Enter
14 Mar 2023 13:13:23,674 TRACE JdbcUtils 22 getNewConnection - Enter
14 Mar 2023 13:13:23,674 INFO  JdbcUtils 27 getNewConnection - trying to connect to database ... jdbc:sqlite:./database/cars.db
14 Mar 2023 13:13:23,674 INFO  JdbcUtils 28 getNewConnection - user: null
14 Mar 2023 13:13:23,674 INFO  JdbcUtils 29 getNewConnection - pass: null
14 Mar 2023 13:13:23,891 TRACE JdbcUtils 54 getConnection - Exit with(org.sqlite.jdbc4.JDBC4Connection@63f259c3)
14 Mar 2023 13:13:23,898 TRACE CarsDBRepository 89 add - Saved 1 instances
14 Mar 2023 13:13:23,898 TRACE CarsDBRepository 94 add - Exit with(inserted)
14 Mar 2023 13:13:23,899 TRACE CarsDBRepository 121 findAll - Enter
14 Mar 2023 13:13:23,899 TRACE JdbcUtils 45 getConnection - Enter
14 Mar 2023 13:13:23,899 TRACE JdbcUtils 54 getConnection - Exit with(org.sqlite.jdbc4.JDBC4Connection@63f259c3)
14 Mar 2023 13:13:23,900 TRACE CarsDBRepository 141 findAll - Exit
14 Mar 2023 13:13:23,901 TRACE CarsDBRepository 24 findByManufacturer - Enter
14 Mar 2023 13:13:23,901 TRACE JdbcUtils 45 getConnection - Enter
14 Mar 2023 13:13:23,901 TRACE JdbcUtils 54 getConnection - Exit with(org.sqlite.jdbc4.JDBC4Connection@63f259c3)
14 Mar 2023 13:13:23,902 TRACE CarsDBRepository 44 findByManufacturer - Exit
14 Mar 2023 13:17:37,403 INFO  CarsDBRepository 17 <init> - Initializing CarsDBRepository with properties: {jdbc.url=jdbc:sqlite:./database/cars.db} 
14 Mar 2023 13:17:37,418 TRACE CarsDBRepository 82 add - Enter saving task Id=0 Tesla Model S 2019
14 Mar 2023 13:17:37,418 TRACE JdbcUtils 45 getConnection - Enter
14 Mar 2023 13:17:37,419 TRACE JdbcUtils 22 getNewConnection - Enter
14 Mar 2023 13:17:37,419 INFO  JdbcUtils 27 getNewConnection - trying to connect to database ... jdbc:sqlite:./database/cars.db
14 Mar 2023 13:17:37,419 INFO  JdbcUtils 28 getNewConnection - user: null
14 Mar 2023 13:17:37,419 INFO  JdbcUtils 29 getNewConnection - pass: null
14 Mar 2023 13:17:37,634 TRACE JdbcUtils 54 getConnection - Exit with(org.sqlite.jdbc4.JDBC4Connection@63f259c3)
14 Mar 2023 13:17:37,642 TRACE CarsDBRepository 89 add - Saved 1 instances
14 Mar 2023 13:17:37,643 TRACE CarsDBRepository 94 add - Exit with(inserted)
14 Mar 2023 13:17:37,643 TRACE CarsDBRepository 121 findAll - Enter
14 Mar 2023 13:17:37,643 TRACE JdbcUtils 45 getConnection - Enter
14 Mar 2023 13:17:37,643 TRACE JdbcUtils 54 getConnection - Exit with(org.sqlite.jdbc4.JDBC4Connection@63f259c3)
14 Mar 2023 13:17:37,644 TRACE CarsDBRepository 141 findAll - Exit
14 Mar 2023 13:17:37,645 TRACE CarsDBRepository 24 findByManufacturer - Enter
14 Mar 2023 13:17:37,645 TRACE JdbcUtils 45 getConnection - Enter
14 Mar 2023 13:17:37,645 TRACE JdbcUtils 54 getConnection - Exit with(org.sqlite.jdbc4.JDBC4Connection@63f259c3)
14 Mar 2023 13:17:37,646 TRACE CarsDBRepository 44 findByManufacturer - Exit
14 Mar 2023 13:28:38,740 INFO  CarsDBRepository 17 <init> - Initializing CarsDBRepository with properties: {jdbc.url=jdbc:sqlite:./database/cars.db} 
14 Mar 2023 13:28:38,755 TRACE CarsDBRepository 82 add - Enter saving task Id=0 Tesla Model S 2019
14 Mar 2023 13:28:38,756 TRACE JdbcUtils 45 getConnection - Enter
14 Mar 2023 13:28:38,756 TRACE JdbcUtils 22 getNewConnection - Enter
14 Mar 2023 13:28:38,756 INFO  JdbcUtils 27 getNewConnection - trying to connect to database ... jdbc:sqlite:./database/cars.db
14 Mar 2023 13:28:38,756 INFO  JdbcUtils 28 getNewConnection - user: null
14 Mar 2023 13:28:38,756 INFO  JdbcUtils 29 getNewConnection - pass: null
14 Mar 2023 13:28:38,973 TRACE JdbcUtils 54 getConnection - Exit with(org.sqlite.jdbc4.JDBC4Connection@63f259c3)
14 Mar 2023 13:28:38,982 TRACE CarsDBRepository 89 add - Saved 1 instances
14 Mar 2023 13:28:38,982 TRACE CarsDBRepository 94 add - Exit with(inserted)
14 Mar 2023 13:28:38,983 TRACE CarsDBRepository 121 findAll - Enter
14 Mar 2023 13:28:38,983 TRACE JdbcUtils 45 getConnection - Enter
14 Mar 2023 13:28:38,983 TRACE JdbcUtils 54 getConnection - Exit with(org.sqlite.jdbc4.JDBC4Connection@63f259c3)
14 Mar 2023 13:28:38,984 TRACE CarsDBRepository 141 findAll - Exit
14 Mar 2023 13:28:38,984 TRACE CarsDBRepository 24 findByManufacturer - Enter
14 Mar 2023 13:28:38,984 TRACE JdbcUtils 45 getConnection - Enter
14 Mar 2023 13:28:38,985 TRACE JdbcUtils 54 getConnection - Exit with(org.sqlite.jdbc4.JDBC4Connection@63f259c3)
14 Mar 2023 13:28:38,985 TRACE CarsDBRepository 44 findByManufacturer - Exit
14 Mar 2023 13:28:58,732 INFO  CarsDBRepository 17 <init> - Initializing CarsDBRepository with properties: {jdbc.url=jdbc:sqlite:./database/cars.db} 
14 Mar 2023 13:31:40,119 INFO  CarsDBRepository 17 <init> - Initializing CarsDBRepository with properties: {jdbc.url=jdbc:sqlite:./database/cars.db} 
14 Mar 2023 13:31:40,133 TRACE CarsDBRepository 100 update - Enter saving task Id=0 Opel Astra J 2006
14 Mar 2023 13:31:40,134 TRACE JdbcUtils 45 getConnection - Enter
14 Mar 2023 13:31:40,134 TRACE JdbcUtils 22 getNewConnection - Enter
14 Mar 2023 13:31:40,134 INFO  JdbcUtils 27 getNewConnection - trying to connect to database ... jdbc:sqlite:./database/cars.db
14 Mar 2023 13:31:40,134 INFO  JdbcUtils 28 getNewConnection - user: null
14 Mar 2023 13:31:40,135 INFO  JdbcUtils 29 getNewConnection - pass: null
14 Mar 2023 13:31:40,198 TRACE JdbcUtils 54 getConnection - Exit with(org.sqlite.jdbc4.JDBC4Connection@5b989dc7)
14 Mar 2023 13:31:40,202 ERROR CarsDBRepository 112 update - org.sqlite.SQLiteException: [SQLITE_ERROR] SQL error or missing database (near "manufacturer": syntax error)
14 Mar 2023 13:31:40,203 TRACE CarsDBRepository 115 update - Exit with(updated)
14 Mar 2023 13:32:06,683 INFO  CarsDBRepository 17 <init> - Initializing CarsDBRepository with properties: {jdbc.url=jdbc:sqlite:./database/cars.db} 
14 Mar 2023 13:32:06,698 TRACE CarsDBRepository 100 update - Enter saving task Id=0 Opel Astra J 2006
14 Mar 2023 13:32:06,699 TRACE JdbcUtils 45 getConnection - Enter
14 Mar 2023 13:32:06,699 TRACE JdbcUtils 22 getNewConnection - Enter
14 Mar 2023 13:32:06,699 INFO  JdbcUtils 27 getNewConnection - trying to connect to database ... jdbc:sqlite:./database/cars.db
14 Mar 2023 13:32:06,700 INFO  JdbcUtils 28 getNewConnection - user: null
14 Mar 2023 13:32:06,700 INFO  JdbcUtils 29 getNewConnection - pass: null
14 Mar 2023 13:32:06,779 TRACE JdbcUtils 54 getConnection - Exit with(org.sqlite.jdbc4.JDBC4Connection@5b989dc7)
14 Mar 2023 13:32:06,784 ERROR CarsDBRepository 112 update - org.sqlite.SQLiteException: [SQLITE_ERROR] SQL error or missing database (near "manufacturer": syntax error)
14 Mar 2023 13:32:06,785 TRACE CarsDBRepository 115 update - Exit with(updated)
14 Mar 2023 13:32:44,213 INFO  CarsDBRepository 17 <init> - Initializing CarsDBRepository with properties: {jdbc.url=jdbc:sqlite:./database/cars.db} 
14 Mar 2023 13:32:44,226 TRACE CarsDBRepository 82 add - Enter saving task Id=0 Tesla Model S 2019
14 Mar 2023 13:32:44,226 TRACE JdbcUtils 45 getConnection - Enter
14 Mar 2023 13:32:44,226 TRACE JdbcUtils 22 getNewConnection - Enter
14 Mar 2023 13:32:44,226 INFO  JdbcUtils 27 getNewConnection - trying to connect to database ... jdbc:sqlite:./database/cars.db
14 Mar 2023 13:32:44,227 INFO  JdbcUtils 28 getNewConnection - user: null
14 Mar 2023 13:32:44,227 INFO  JdbcUtils 29 getNewConnection - pass: null
14 Mar 2023 13:32:44,447 TRACE JdbcUtils 54 getConnection - Exit with(org.sqlite.jdbc4.JDBC4Connection@63f259c3)
14 Mar 2023 13:32:44,455 TRACE CarsDBRepository 89 add - Saved 1 instances
14 Mar 2023 13:32:44,455 TRACE CarsDBRepository 94 add - Exit with(inserted)
14 Mar 2023 13:32:44,455 TRACE CarsDBRepository 121 findAll - Enter
14 Mar 2023 13:32:44,455 TRACE JdbcUtils 45 getConnection - Enter
14 Mar 2023 13:32:44,455 TRACE JdbcUtils 54 getConnection - Exit with(org.sqlite.jdbc4.JDBC4Connection@63f259c3)
14 Mar 2023 13:32:44,456 TRACE CarsDBRepository 141 findAll - Exit
14 Mar 2023 13:32:44,457 TRACE CarsDBRepository 24 findByManufacturer - Enter
14 Mar 2023 13:32:44,457 TRACE JdbcUtils 45 getConnection - Enter
14 Mar 2023 13:32:44,457 TRACE JdbcUtils 54 getConnection - Exit with(org.sqlite.jdbc4.JDBC4Connection@63f259c3)
14 Mar 2023 13:32:44,457 TRACE CarsDBRepository 44 findByManufacturer - Exit
14 Mar 2023 13:32:56,290 INFO  CarsDBRepository 17 <init> - Initializing CarsDBRepository with properties: {jdbc.url=jdbc:sqlite:./database/cars.db} 
14 Mar 2023 13:32:56,305 TRACE CarsDBRepository 82 add - Enter saving task Id=0 Tesla Model S 2019
14 Mar 2023 13:32:56,305 TRACE JdbcUtils 45 getConnection - Enter
14 Mar 2023 13:32:56,305 TRACE JdbcUtils 22 getNewConnection - Enter
14 Mar 2023 13:32:56,305 INFO  JdbcUtils 27 getNewConnection - trying to connect to database ... jdbc:sqlite:./database/cars.db
14 Mar 2023 13:32:56,306 INFO  JdbcUtils 28 getNewConnection - user: null
14 Mar 2023 13:32:56,306 INFO  JdbcUtils 29 getNewConnection - pass: null
14 Mar 2023 13:32:56,529 TRACE JdbcUtils 54 getConnection - Exit with(org.sqlite.jdbc4.JDBC4Connection@63f259c3)
14 Mar 2023 13:32:56,537 TRACE CarsDBRepository 89 add - Saved 1 instances
14 Mar 2023 13:32:56,537 TRACE CarsDBRepository 94 add - Exit with(inserted)
14 Mar 2023 13:32:56,537 TRACE CarsDBRepository 121 findAll - Enter
14 Mar 2023 13:32:56,537 TRACE JdbcUtils 45 getConnection - Enter
14 Mar 2023 13:32:56,538 TRACE JdbcUtils 54 getConnection - Exit with(org.sqlite.jdbc4.JDBC4Connection@63f259c3)
14 Mar 2023 13:32:56,538 TRACE CarsDBRepository 141 findAll - Exit
14 Mar 2023 13:32:56,539 TRACE CarsDBRepository 24 findByManufacturer - Enter
14 Mar 2023 13:32:56,539 TRACE JdbcUtils 45 getConnection - Enter
14 Mar 2023 13:32:56,540 TRACE JdbcUtils 54 getConnection - Exit with(org.sqlite.jdbc4.JDBC4Connection@63f259c3)
14 Mar 2023 13:32:56,540 TRACE CarsDBRepository 44 findByManufacturer - Exit
14 Mar 2023 13:32:59,576 INFO  CarsDBRepository 17 <init> - Initializing CarsDBRepository with properties: {jdbc.url=jdbc:sqlite:./database/cars.db} 
