[2022-03-19 19:52:14] [info] Start Program:
Path:"C:\Users\OTI\OneDrive\Desktop\De toate\Materii\OOP\lab2_4_final\x64\Debug\lab2_4.exe"
Arguments:
Working directory: "C:\Users\OTI\OneDrive\Desktop\De toate\Materii\OOP\lab2_4_final"
Modules: Selected: C:\Users\OTI\OneDrive\Desktop\De toate\Materii\OOP\lab2_4_final\x64\Debug\lab2_4.exe Excluded: 
Sources: Selected: C:\Users\OTI\OneDrive\Desktop\De toate\Materii\OOP\lab2_4_final Excluded: ui 
Log Level: Normal
Cover Children: 0
Aggregate by file: 1
Continue after C++ exception: 0
Optimized build support: 0
Export: Binary C:\Users\OTI\AppData\Local\Temp\q3hxpswf.0tu 
Input coverage: 
Unified diff: 
Excluded line regular expressions: 
Substitute pdb source paths: 

[2022-03-19 19:52:14] [info] Module: C:\Users\OTI\OneDrive\Desktop\De toate\Materii\OOP\lab2_4_final\x64\Debug\lab2_4.exe is selected because it matches selected pattern: C:\Users\OTI\OneDrive\Desktop\De toate\Materii\OOP\lab2_4_final\x64\Debug\lab2_4.exe
[2022-03-19 19:52:16] [info] ----------------------------------------------------
[2022-03-19 19:52:16] [info] Coverage binary generated in file: C:\Users\OTI\AppData\Local\Temp\q3hxpswf.0tu
[2022-03-19 19:52:16] [info] ----------------------------------------------------
