[2022-03-31 16:10:37] [info] Start Program:
Path:"C:\Users\OTI\OneDrive\Desktop\De toate\Materii\OOP\lab6_7\x64\Debug\lab6_7.exe"
Arguments:
Working directory: "C:\Users\OTI\OneDrive\Desktop\De toate\Materii\OOP\lab6_7\"
Modules: Selected: C:\Users\OTI\OneDrive\Desktop\De toate\Materii\OOP\lab6_7\x64\Debug\lab6_7.exe Excluded: 
Sources: Selected: C:\Users\OTI\OneDrive\Desktop\De toate\Materii\OOP\lab6_7 Excluded: ui 
Log Level: Normal
Cover Children: 0
Aggregate by file: 1
Continue after C++ exception: 0
Optimized build support: 0
Export: Binary C:\Users\OTI\AppData\Local\Temp\caelymnr.ptj 
Input coverage: 
Unified diff: 
Excluded line regular expressions: 
Substitute pdb source paths: 

[2022-03-31 16:10:37] [info] Module: C:\Users\OTI\OneDrive\Desktop\De toate\Materii\OOP\lab6_7\x64\Debug\lab6_7.exe is selected because it matches selected pattern: C:\Users\OTI\OneDrive\Desktop\De toate\Materii\OOP\lab6_7\x64\Debug\lab6_7.exe
[2022-03-31 16:10:39] [info] ----------------------------------------------------
[2022-03-31 16:10:39] [info] Coverage binary generated in file: C:\Users\OTI\AppData\Local\Temp\caelymnr.ptj
[2022-03-31 16:10:39] [info] ----------------------------------------------------
