c:\users\oti\onedrive\desktop\facultate\materii\oop\lab6_7\x64\debug\vc143.pdb
c:\users\oti\onedrive\desktop\facultate\materii\oop\lab6_7\x64\debug\vc143.idb
c:\users\oti\onedrive\desktop\facultate\materii\oop\lab6_7\x64\debug\test.nativecodeanalysis.sarif
c:\users\oti\onedrive\desktop\facultate\materii\oop\lab6_7\x64\debug\test.nativecodeanalysis.xml
c:\users\oti\onedrive\desktop\facultate\materii\oop\lab6_7\x64\debug\ui.nativecodeanalysis.sarif
c:\users\oti\onedrive\desktop\facultate\materii\oop\lab6_7\x64\debug\ui.nativecodeanalysis.xml
c:\users\oti\onedrive\desktop\facultate\materii\oop\lab6_7\x64\debug\validator.nativecodeanalysis.sarif
c:\users\oti\onedrive\desktop\facultate\materii\oop\lab6_7\x64\debug\validator.nativecodeanalysis.xml
c:\users\oti\onedrive\desktop\facultate\materii\oop\lab6_7\x64\debug\service.nativecodeanalysis.sarif
c:\users\oti\onedrive\desktop\facultate\materii\oop\lab6_7\x64\debug\service.nativecodeanalysis.xml
c:\users\oti\onedrive\desktop\facultate\materii\oop\lab6_7\x64\debug\main.nativecodeanalysis.sarif
c:\users\oti\onedrive\desktop\facultate\materii\oop\lab6_7\x64\debug\main.nativecodeanalysis.xml
c:\users\oti\onedrive\desktop\facultate\materii\oop\lab6_7\x64\debug\repo.nativecodeanalysis.sarif
c:\users\oti\onedrive\desktop\facultate\materii\oop\lab6_7\x64\debug\repo.nativecodeanalysis.xml
c:\users\oti\onedrive\desktop\facultate\materii\oop\lab6_7\x64\debug\domain.nativecodeanalysis.sarif
c:\users\oti\onedrive\desktop\facultate\materii\oop\lab6_7\x64\debug\domain.nativecodeanalysis.xml
c:\users\oti\onedrive\desktop\facultate\materii\oop\lab6_7\x64\debug\domain.obj
c:\users\oti\onedrive\desktop\facultate\materii\oop\lab6_7\x64\debug\repo.obj
c:\users\oti\onedrive\desktop\facultate\materii\oop\lab6_7\x64\debug\main.obj
c:\users\oti\onedrive\desktop\facultate\materii\oop\lab6_7\x64\debug\service.obj
c:\users\oti\onedrive\desktop\facultate\materii\oop\lab6_7\x64\debug\validator.obj
c:\users\oti\onedrive\desktop\facultate\materii\oop\lab6_7\x64\debug\ui.obj
c:\users\oti\onedrive\desktop\facultate\materii\oop\lab6_7\x64\debug\test.obj
c:\users\oti\onedrive\desktop\facultate\materii\oop\lab6_7\x64\debug\lab6_7.exe
c:\users\oti\onedrive\desktop\facultate\materii\oop\lab6_7\x64\debug\lab6_7.ilk
c:\users\oti\onedrive\desktop\facultate\materii\oop\lab6_7\x64\debug\lab6_7.pdb
c:\users\oti\onedrive\desktop\facultate\materii\oop\lab6_7\x64\debug\vc.nativecodeanalysis.all.xml
c:\users\oti\onedrive\desktop\facultate\materii\oop\lab6_7\x64\debug\lab6_7.tlog\cl.command.1.tlog
c:\users\oti\onedrive\desktop\facultate\materii\oop\lab6_7\x64\debug\lab6_7.tlog\cl.read.1.tlog
c:\users\oti\onedrive\desktop\facultate\materii\oop\lab6_7\x64\debug\lab6_7.tlog\cl.write.1.tlog
c:\users\oti\onedrive\desktop\facultate\materii\oop\lab6_7\x64\debug\lab6_7.tlog\link.command.1.tlog
c:\users\oti\onedrive\desktop\facultate\materii\oop\lab6_7\x64\debug\lab6_7.tlog\link.read.1.tlog
c:\users\oti\onedrive\desktop\facultate\materii\oop\lab6_7\x64\debug\lab6_7.tlog\link.write.1.tlog
